<?xml version="1.0" encoding="UTF-8"?>
<!-- Generated by org.testng.reporters.JUnitReportReporter -->
<testsuite hostname="Khalid-Hasan" failures="0" tests="1" name="testcases.LoginTest" time="6.629" errors="0" timestamp="2023-02-26T02:54:43 BDT" skipped="0">
  <testcase classname="testcases.LoginTest" name="GotoLoginPage" time="6.629"/>
  <system-out/>
</testsuite> <!-- testcases.LoginTest -->
