<?xml version="1.0" encoding="UTF-8"?>
<!-- Generated by org.testng.reporters.JUnitReportReporter -->
<testsuite hostname="Khalid-Hasan" failures="0" tests="1" name="testcases.SigninFormTest" time="5.054" errors="0" timestamp="2023-02-26T12:37:52 BDT" skipped="0">
  <testcase classname="testcases.SigninFormTest" name="inputValues" time="5.054"/>
  <system-out/>
</testsuite> <!-- testcases.SigninFormTest -->
